<?xml version="1.0" encoding="UTF-8"?>
<coverage generated="1571674014">
  <project timestamp="1571674014">
    <package name="enricodias">
      <file name="W:\Github\repositories\nameize\src\nameize.php">
        <class name="enricodias\nameize" namespace="enricodias">
          <metrics complexity="16" methods="6" coveredmethods="6" conditionals="0" coveredconditionals="0" statements="24" coveredstatements="24" elements="30" coveredelements="30"/>
        </class>
        <line num="9" type="method" name="__construct" visibility="public" complexity="1" crap="1" count="8"/>
        <line num="11" type="stmt" count="8"/>
        <line num="13" type="stmt" count="8"/>
        <line num="15" type="method" name="nameize" visibility="public" complexity="1" crap="1" count="8"/>
        <line num="17" type="stmt" count="8"/>
        <line num="21" type="method" name="format" visibility="public" complexity="1" crap="1" count="1"/>
        <line num="23" type="stmt" count="1"/>
        <line num="27" type="method" name="process" visibility="private" complexity="9" crap="9" count="8"/>
        <line num="29" type="stmt" count="8"/>
        <line num="31" type="stmt" count="8"/>
        <line num="33" type="stmt" count="8"/>
        <line num="35" type="stmt" count="8"/>
        <line num="37" type="stmt" count="8"/>
        <line num="38" type="stmt" count="8"/>
        <line num="40" type="stmt" count="8"/>
        <line num="42" type="stmt" count="8"/>
        <line num="44" type="stmt" count="8"/>
        <line num="45" type="stmt" count="8"/>
        <line num="49" type="stmt" count="6"/>
        <line num="51" type="stmt" count="8"/>
        <line num="59" type="stmt" count="8"/>
        <line num="63" type="method" name="ucFirst" visibility="private" complexity="1" crap="1" count="8"/>
        <line num="65" type="stmt" count="8"/>
        <line num="67" type="stmt" count="8"/>
        <line num="71" type="method" name="filterArray" visibility="private" complexity="3" crap="3" count="8"/>
        <line num="73" type="stmt" count="8"/>
        <line num="74" type="stmt" count="4"/>
        <line num="76" type="stmt" count="8"/>
        <line num="77" type="stmt" count="8"/>
        <line num="79" type="stmt" count="8"/>
        <metrics loc="84" ncloc="84" classes="1" methods="6" coveredmethods="6" conditionals="0" coveredconditionals="0" statements="24" coveredstatements="24" elements="30" coveredelements="30"/>
      </file>
    </package>
    <file name="W:\Github\repositories\nameize\tests\nameizeTest.php">
      <class name="nameizeTest" namespace="global">
        <metrics complexity="3" methods="3" coveredmethods="2" conditionals="0" coveredconditionals="0" statements="7" coveredstatements="6" elements="10" coveredelements="8"/>
      </class>
      <line num="11" type="method" name="testNames" visibility="public" complexity="1" crap="1" count="7"/>
      <line num="13" type="stmt" count="7"/>
      <line num="15" type="stmt" count="7"/>
      <line num="16" type="stmt" count="7"/>
      <line num="18" type="method" name="testStaticMethod" visibility="public" complexity="1" crap="1" count="1"/>
      <line num="20" type="stmt" count="1"/>
      <line num="22" type="stmt" count="1"/>
      <line num="23" type="stmt" count="1"/>
      <line num="25" type="method" name="nameProvider" visibility="public" complexity="1" crap="2.00" count="0"/>
      <line num="28" type="stmt" count="0"/>
      <metrics loc="38" ncloc="35" classes="1" methods="3" coveredmethods="2" conditionals="0" coveredconditionals="0" statements="7" coveredstatements="6" elements="10" coveredelements="8"/>
    </file>
    <metrics files="2" loc="122" ncloc="119" classes="2" methods="9" coveredmethods="8" conditionals="0" coveredconditionals="0" statements="31" coveredstatements="30" elements="40" coveredelements="38"/>
  </project>
</coverage>
